<?xml version="1.0" encoding="utf-8" standalone="no"?>
<!--This file represents the results of running a test suite-->
<test-results name="C:\src\NJasmine\NJasmine.Tests\bin\Debug\NJasmine.Tests.dll" total="2" errors="0" failures="0" not-run="0" inconclusive="0" ignored="0" skipped="0" invalid="0" date="2010-10-31" time="13:24:56">
  <environment nunit-version="2.5.7.10213" clr-version="2.0.50727.4952" os-version="Microsoft Windows NT 6.1.7600.0" platform="Win32NT" cwd="C:\src\NJasmine" machine-name="NZNZNZ6" user="user" user-domain="nznznz6" />
  <culture-info current-culture="en-US" current-uiculture="en-US" />
  <test-suite type="Assembly" name="C:\src\NJasmine\NJasmine.Tests\bin\Debug\NJasmine.Tests.dll" executed="True" result="Success" success="True" time="0.182" asserts="0">
    <results>
      <test-suite type="Namespace" name="NJasmineTests" executed="True" result="Success" success="True" time="0.168" asserts="0">
        <results>
          <test-suite type="Namespace" name="Core" executed="True" result="Success" success="True" time="0.166" asserts="0">
            <results>
              <test-suite type="TestSuite" name="imports_NUnit_fixture" executed="True" result="Success" success="True" time="0.163" asserts="0">
                <results>
                  <test-suite type="TestSuite" name="a block" executed="True" result="Success" success="True" time="0.104" asserts="0">
                    <results>
                      <test-suite type="TestSuite" name="a sub block" executed="True" result="Success" success="True" time="0.091" asserts="0">
                        <results>
                          <test-case name="NJasmine.Core.NJasmineTestMethod.&lt;.ctor&gt;b__0" executed="True" result="Success" success="True" time="0.050" asserts="0" />
                        </results>
                      </test-suite>
                      <test-case name="NJasmine.Core.NJasmineTestMethod.&lt;.ctor&gt;b__0" executed="True" result="Success" success="True" time="0.004" asserts="0" />
                    </results>
                  </test-suite>
                </results>
              </test-suite>
            </results>
          </test-suite>
        </results>
      </test-suite>
    </results>
  </test-suite>
</test-results>