<?xml version="1.0" encoding="utf-8" standalone="no"?>
<!--This file represents the results of running a test suite-->
<test-results name=".\NJasmine.Tests\bin\Debug\NJasmine.Tests.dll" total="1" errors="0" failures="0" not-run="0" inconclusive="0" ignored="0" skipped="0" invalid="0" date="2010-10-25" time="20:38:24">
  <environment nunit-version="2.5.7.10213" clr-version="2.0.50727.4952" os-version="Microsoft Windows NT 6.1.7600.0" platform="Win32NT" cwd="C:\src\NJasmine" machine-name="NZNZNZ6" user="user" user-domain="nznznz6" />
  <culture-info current-culture="en-US" current-uiculture="en-US" />
  <test-suite type="Assembly" name=".\NJasmine.Tests\bin\Debug\NJasmine.Tests.dll" executed="True" result="Success" success="True" time="0.076" asserts="0">
    <results>
      <test-suite type="Namespace" name="NJasmineTests" executed="True" result="Success" success="True" time="0.059" asserts="0">
        <results>
          <test-suite type="TestFixture" name="ShellTestEnumerator" executed="True" result="Success" success="True" time="0.046" asserts="0">
            <results>
              <test-case name="NJasmineTests.ShellTestEnumerator.FailingTests" executed="True" result="Success" success="True" time="0.021" asserts="0" />
            </results>
          </test-suite>
        </results>
      </test-suite>
    </results>
  </test-suite>
</test-results>