<?xml version="1.0" encoding="utf-8" standalone="no"?>
<!--This file represents the results of running a test suite-->
<test-results name="C:\src\NJasmine\NJasmine.Tests\bin\Debug\NJasmine.Tests.dll" total="3" errors="0" failures="0" not-run="0" inconclusive="0" ignored="0" skipped="0" invalid="0" date="2010-11-01" time="01:23:19">
  <environment nunit-version="2.5.7.10213" clr-version="2.0.50727.4952" os-version="Microsoft Windows NT 6.1.7600.0" platform="Win32NT" cwd="C:\src\NJasmine" machine-name="NZNZNZ6" user="user" user-domain="nznznz6" />
  <culture-info current-culture="en-US" current-uiculture="en-US" />
  <test-suite type="Assembly" name="C:\src\NJasmine\NJasmine.Tests\bin\Debug\NJasmine.Tests.dll" executed="True" result="Success" success="True" time="0.253" asserts="0">
    <results>
      <test-suite type="Namespace" name="NJasmineTests" executed="True" result="Success" success="True" time="0.237" asserts="0">
        <results>
          <test-suite type="Namespace" name="Integration" executed="True" result="Success" success="True" time="0.226" asserts="0">
            <results>
              <test-suite type="TestSuite" name="suite_using_disposables" executed="True" result="Success" success="True" time="0.223" asserts="0">
                <results>
                  <test-suite type="TestSuite" name="first describe block" executed="True" result="Success" success="True" time="0.194" asserts="0">
                    <results>
                      <test-case name="suite_using_disposables.first describe block" executed="True" result="Success" success="True" time="0.150" asserts="0" />
                    </results>
                  </test-suite>
                  <test-suite type="TestSuite" name="second describe block" executed="True" result="Success" success="True" time="0.013" asserts="0">
                    <results>
                      <test-suite type="TestSuite" name="nested describe block" executed="True" result="Success" success="True" time="0.012" asserts="0">
                        <results>
                          <test-suite type="TestSuite" name="another describe block" executed="True" result="Success" success="True" time="0.011" asserts="0">
                            <results>
                              <test-case name="nested describe block.another describe block" executed="True" result="Success" success="True" time="0.004" asserts="0" />
                              <test-case name="nested describe block.another describe block" executed="True" result="Success" success="True" time="0.006" asserts="0" />
                            </results>
                          </test-suite>
                        </results>
                      </test-suite>
                    </results>
                  </test-suite>
                </results>
              </test-suite>
            </results>
          </test-suite>
        </results>
      </test-suite>
    </results>
  </test-suite>
</test-results>