<?xml version="1.0" encoding="utf-8" standalone="no"?>
<!--This file represents the results of running a test suite-->
<test-results name="C:\src\NJasmine\NJasmine.Tests\bin\Debug\NJasmine.Tests.dll" total="2" errors="0" failures="0" not-run="0" inconclusive="0" ignored="0" skipped="0" invalid="0" date="2010-11-16" time="23:28:44">
  <environment nunit-version="2.5.7.10213" clr-version="2.0.50727.4952" os-version="Microsoft Windows NT 6.1.7600.0" platform="Win32NT" cwd="C:\src\NJasmine" machine-name="NZNZNZ6" user="user" user-domain="nznznz6" />
  <culture-info current-culture="en-US" current-uiculture="en-US" />
  <test-suite type="Assembly" name="C:\src\NJasmine\NJasmine.Tests\bin\Debug\NJasmine.Tests.dll" executed="True" result="Success" success="True" time="0.200" asserts="0">
    <results>
      <test-suite type="Namespace" name="NJasmineTests" executed="True" result="Success" success="True" time="0.185" asserts="0">
        <results>
          <test-suite type="Namespace" name="Integration" executed="True" result="Success" success="True" time="0.181" asserts="0">
            <results>
              <test-suite type="TestSuite" name="imports_NUnit_fixture" executed="True" result="Success" success="True" time="0.178" asserts="0">
                <results>
                  <test-suite type="TestSuite" name="a block" executed="True" result="Success" success="True" time="0.108" asserts="0">
                    <results>
                      <test-case name="imports_NUnit_fixture.a block check fixtures" executed="True" result="Success" success="True" time="0.056" asserts="0" />
                      <test-suite type="TestSuite" name="a sub block" executed="True" result="Success" success="True" time="0.034" asserts="0">
                        <results>
                          <test-case name="a block.a sub block check fixtures again" executed="True" result="Success" success="True" time="0.004" asserts="0" />
                        </results>
                      </test-suite>
                    </results>
                  </test-suite>
                </results>
              </test-suite>
            </results>
          </test-suite>
        </results>
      </test-suite>
    </results>
  </test-suite>
</test-results>