<?xml version="1.0" encoding="utf-8" standalone="no"?>
<!--This file represents the results of running a test suite-->
<test-results name="C:\src\NJasmine\NJasmine.Tests\bin\Debug\NJasmine.Tests.dll" total="0" errors="0" failures="0" not-run="4" inconclusive="0" ignored="0" skipped="4" invalid="0" date="2010-12-14" time="17:20:12">
  <environment nunit-version="2.5.7.10213" clr-version="2.0.50727.4952" os-version="Microsoft Windows NT 6.1.7600.0" platform="Win32NT" cwd="C:\src\NJasmine" machine-name="NZNZNZ6" user="user" user-domain="nznznz6" />
  <culture-info current-culture="en-US" current-uiculture="en-US" />
  <test-suite type="Assembly" name="C:\src\NJasmine\NJasmine.Tests\bin\Debug\NJasmine.Tests.dll" executed="True" result="Inconclusive" success="False" time="0.228" asserts="0">
    <results>
      <test-suite type="Namespace" name="NJasmineTests" executed="True" result="Inconclusive" success="False" time="0.127" asserts="0">
        <results>
          <test-suite type="Namespace" name="PassingFixtures" executed="True" result="Inconclusive" success="False" time="0.094" asserts="0">
            <results>
              <test-suite type="TestSuite" name="supports_unimplemented_specs" executed="True" result="Inconclusive" success="False" time="0.092" asserts="0">
                <reason>
                  <message><![CDATA[]]></message>
                </reason>
                <results>
                  <test-case name="NJasmineTests.PassingFixtures.supports_unimplemented_specs an unimplemented descibe() block" executed="False" result="Skipped">
                    <reason>
                      <message><![CDATA[Specification not implemented.]]></message>
                    </reason>
                  </test-case>
                  <test-case name="NJasmineTests.PassingFixtures.supports_unimplemented_specs an unimplemented test() block" executed="False" result="Skipped">
                    <reason>
                      <message><![CDATA[Specification not implemented.]]></message>
                    </reason>
                  </test-case>
                  <test-suite type="TestSuite" name="nested too of course" executed="True" result="Inconclusive" success="False" time="0.009" asserts="0">
                    <results>
                      <test-case name="NJasmineTests.PassingFixtures.supports_unimplemented_specs.nested too of course an unimplemented descibe() block" executed="False" result="Skipped">
                        <reason>
                          <message><![CDATA[Specification not implemented.]]></message>
                        </reason>
                      </test-case>
                      <test-case name="NJasmineTests.PassingFixtures.supports_unimplemented_specs.nested too of course an unimplemented test() block" executed="False" result="Skipped">
                        <reason>
                          <message><![CDATA[Specification not implemented.]]></message>
                        </reason>
                      </test-case>
                    </results>
                  </test-suite>
                </results>
              </test-suite>
            </results>
          </test-suite>
        </results>
      </test-suite>
    </results>
  </test-suite>
</test-results>