<?xml version="1.0" encoding="utf-8" standalone="no"?>
<!--This file represents the results of running a test suite-->
<test-results name="C:\src\NJasmine\NJasmine.sln" total="3" errors="1" failures="0" not-run="0" inconclusive="0" ignored="0" skipped="0" invalid="0" date="2010-10-24" time="18:27:38">
  <environment nunit-version="2.5.7.10213" clr-version="2.0.50727.4952" os-version="Microsoft Windows NT 6.1.7600.0" platform="Win32NT" cwd="C:\Program Files (x86)\NUnit 2.5.7\bin\net-2.0" machine-name="NZNZNZ6" user="user" user-domain="nznznz6" />
  <culture-info current-culture="en-US" current-uiculture="en-US" />
  <test-suite type="Project" name="C:\src\NJasmine\NJasmine.sln" executed="True" result="Failure" success="False" time="0.338" asserts="0">
    <results>
      <test-suite type="Assembly" name="C:\src\NJasmine\NJasmine.Tests\bin\Debug\NJasmine.Tests.dll" executed="True" result="Failure" success="False" time="0.298" asserts="0">
        <results>
          <test-suite type="Namespace" name="NJasmineTests" executed="True" result="Failure" success="False" time="0.284" asserts="0">
            <results>
              <test-suite type="TestFixture" name="NJasmineSuiteBuilderTests" executed="True" result="Failure" success="False" time="0.281" asserts="0">
                <results>
                  <test-case name="NJasmineTests.NJasmineSuiteBuilderTests.can_load_tests_with_correct_names" executed="True" result="Error" success="False" time="0.075" asserts="0">
                    <failure>
                      <message><![CDATA[System.NotImplementedException : The method or operation is not implemented.]]></message>
                      <stack-trace><![CDATA[at NJasmine.NJasmineSuiteBuilder.BuildFrom(Type type) in c:\src\NJasmine\NJasmine\NJasmineSuiteBuilder.cs:line 20
at NJasmineTests.NJasmineSuiteBuilderTests.can_load_tests_with_correct_names() in c:\src\NJasmine\NJasmine.Tests\NJasmineSuiteBuilderTests.cs:line 35
]]></stack-trace>
                    </failure>
                  </test-case>
                  <test-case name="NJasmineTests.NJasmineSuiteBuilderTests.doesnt_handle_most_test_fixtures" executed="True" result="Success" success="True" time="0.129" asserts="0" />
                  <test-case name="NJasmineTests.NJasmineSuiteBuilderTests.will_handle_subclasses_of_NJasmineFixture" executed="True" result="Success" success="True" time="0.001" asserts="0" />
                </results>
              </test-suite>
            </results>
          </test-suite>
        </results>
      </test-suite>
    </results>
  </test-suite>
</test-results>