<?xml version="1.0" encoding="utf-8" standalone="no"?>
<!--This file represents the results of running a test suite-->
<test-results name="C:\src\NJasmine\NJasmine.Tests\bin\Debug\NJasmine.Tests.dll" total="14" errors="0" failures="0" not-run="0" inconclusive="0" ignored="0" skipped="0" invalid="0" date="2010-10-25" time="18:09:59">
  <environment nunit-version="2.5.7.10213" clr-version="2.0.50727.4952" os-version="Microsoft Windows NT 6.1.7600.0" platform="Win32NT" cwd="C:\src\NJasmine" machine-name="NZNZNZ6" user="user" user-domain="nznznz6" />
  <culture-info current-culture="en-US" current-uiculture="en-US" />
  <test-suite type="Assembly" name="C:\src\NJasmine\NJasmine.Tests\bin\Debug\NJasmine.Tests.dll" executed="True" result="Success" success="True" time="0.335" asserts="0">
    <results>
      <test-suite type="TestSuite" name="AFixture" executed="True" result="Success" success="True" time="0.069" asserts="0">
        <results>
          <test-suite type="TestSuite" name="first describe" executed="True" result="Success" success="True" time="0.068" asserts="0">
            <results>
              <test-suite type="TestSuite" name="second describe" executed="True" result="Success" success="True" time="0.067" asserts="0">
                <results>
                  <test-case name="NJasmine.Core.NJasmineTestMethod+&lt;&gt;c__DisplayClass1.&lt;Create&gt;b__0" executed="True" result="Success" success="True" time="0.054" asserts="0" />
                </results>
              </test-suite>
              <test-suite type="TestSuite" name="skipped describe" executed="True" result="Inconclusive" success="False" time="0.000" asserts="0" />
              <test-suite type="TestSuite" name="skipped it" executed="True" result="Inconclusive" success="False" time="0.000" asserts="0" />
            </results>
          </test-suite>
        </results>
      </test-suite>
      <test-suite type="Namespace" name="NJasmineTests" executed="True" result="Success" success="True" time="0.250" asserts="0">
        <results>
          <test-suite type="Namespace" name="Core" executed="True" result="Success" success="True" time="0.245" asserts="0">
            <results>
              <test-suite type="TestFixture" name="NJasmineFixtureTest" executed="True" result="Inconclusive" success="False" time="0.008" asserts="0" />
              <test-suite type="TestFixture" name="NJasmineSuiteBuilderTests" executed="True" result="Success" success="True" time="0.210" asserts="0">
                <results>
                  <test-case name="NJasmineTests.Core.NJasmineSuiteBuilderTests.can_load_tests_with_correct_locations" executed="True" result="Success" success="True" time="0.142" asserts="0" />
                  <test-case name="NJasmineTests.Core.NJasmineSuiteBuilderTests.can_load_tests_with_correct_names" executed="True" result="Success" success="True" time="0.009" asserts="0" />
                  <test-case name="NJasmineTests.Core.NJasmineSuiteBuilderTests.doesnt_handle_most_test_fixtures" executed="True" result="Success" success="True" time="0.004" asserts="0" />
                  <test-case name="NJasmineTests.Core.NJasmineSuiteBuilderTests.will_handle_subclasses_of_NJasmineFixture" executed="True" result="Success" success="True" time="0.001" asserts="0" />
                </results>
              </test-suite>
              <test-suite type="TestFixture" name="NJasmineTestMethodTests" executed="True" result="Success" success="True" time="0.010" asserts="0">
                <results>
                  <test-case name="NJasmineTests.Core.NJasmineTestMethodTests.can_run_a_test" executed="True" result="Success" success="True" time="0.009" asserts="0" />
                </results>
              </test-suite>
              <test-suite type="TestFixture" name="TestPositionTests" executed="True" result="Success" success="True" time="0.010" asserts="0">
                <results>
                  <test-case name="NJasmineTests.Core.TestPositionTests.GetFirstChildPosition" executed="True" result="Success" success="True" time="0.002" asserts="0" />
                  <test-case name="NJasmineTests.Core.TestPositionTests.GetNextSiblingPosition" executed="True" result="Success" success="True" time="0.001" asserts="0" />
                  <test-case name="NJasmineTests.Core.TestPositionTests.IsInScopeFor" executed="True" result="Success" success="True" time="0.007" asserts="0" />
                </results>
              </test-suite>
            </results>
          </test-suite>
        </results>
      </test-suite>
      <test-suite type="TestSuite" name="SampleTest" executed="True" result="Inconclusive" success="False" time="0.000" asserts="0">
        <results>
          <test-suite type="TestSuite" name="player" executed="True" result="Inconclusive" success="False" time="0.000" asserts="0" />
        </results>
      </test-suite>
      <test-suite type="TestSuite" name="TestOnlyUsingDescribeAndIt" executed="True" result="Success" success="True" time="0.002" asserts="0">
        <results>
          <test-case name="NJasmine.Core.NJasmineTestMethod+&lt;&gt;c__DisplayClass1.&lt;Create&gt;b__0" executed="True" result="Success" success="True" time="0.001" asserts="0" />
          <test-suite type="TestSuite" name="first describe" executed="True" result="Success" success="True" time="0.001" asserts="0">
            <results>
              <test-suite type="TestSuite" name="second describe" executed="True" result="Success" success="True" time="0.000" asserts="0">
                <results>
                  <test-case name="NJasmine.Core.NJasmineTestMethod+&lt;&gt;c__DisplayClass1.&lt;Create&gt;b__0" executed="True" result="Success" success="True" time="0.000" asserts="0" />
                  <test-case name="NJasmine.Core.NJasmineTestMethod+&lt;&gt;c__DisplayClass1.&lt;Create&gt;b__0" executed="True" result="Success" success="True" time="0.000" asserts="0" />
                </results>
              </test-suite>
              <test-case name="NJasmine.Core.NJasmineTestMethod+&lt;&gt;c__DisplayClass1.&lt;Create&gt;b__0" executed="True" result="Success" success="True" time="0.000" asserts="0" />
              <test-case name="NJasmine.Core.NJasmineTestMethod+&lt;&gt;c__DisplayClass1.&lt;Create&gt;b__0" executed="True" result="Success" success="True" time="0.001" asserts="0" />
            </results>
          </test-suite>
        </results>
      </test-suite>
    </results>
  </test-suite>
</test-results>